<?xml version="1.0" encoding="UTF-8"?>
<!-- Generated by org.testng.reporters.JUnitReportReporter -->
<testsuite skipped="0" hostname="PRINHYLTPDL1648" name="com.WebDriverListeners.ListenerMainClass" tests="1" failures="0" timestamp="2020-04-18T08:23:04 IST" time="19.755" errors="0">
  <testcase name="test1" time="19.755" classname="com.WebDriverListeners.ListenerMainClass"/>
  <system-out/>
</testsuite> <!-- com.WebDriverListeners.ListenerMainClass -->
